<?xml version="1.0" encoding="UTF-8"?>

<!DOCTYPE mule-configuration PUBLIC "-//MuleSoft //DTD mule-configuration XML V1.0//EN"
                                "http://mule.mulesoft.org/dtds/mule-configuration.dtd">

<mule-configuration id="Mule_Sample" version="1.0">
    <connector name="servlet" className="org.mule.transport.http.servlet.ServletConnector">
        <properties>
            <property name="servletUrl" value="http://localhost:18088/services"/>
        </properties>
    </connector>

    <model name="test">
        <mule-descriptor name="mycomponent"
            implementation="org.mule.tck.testmodels.services.TestServiceComponent"
            inboundEndpoint="cxf:servlet://mycomponent">
        </mule-descriptor>

        <mule-descriptor name="CxfService" implementation="org.mule.tck.testmodels.services.TestServiceComponent">
            <inbound-router>
                <endpoint address="cxf:http://localhost:18082/cxfService"/>
            </inbound-router>
        </mule-descriptor>
    </model>
</mule-configuration>
