<?xml version="1.0" encoding="UTF-8"?>
<mule xmlns="http://www.mulesoft.org/schema/mule/core"
      xmlns:xsi="http://www.w3.org/2001/XMLSchema-instance"
      xmlns:spring="http://www.springframework.org/schema/beans"
      xmlns:test="http://www.mulesoft.org/schema/mule/test"
      xsi:schemaLocation="
       http://www.mulesoft.org/schema/mule/test http://www.mulesoft.org/schema/mule/test/current/mule-test.xsd
       http://www.springframework.org/schema/beans http://www.springframework.org/schema/beans/spring-beans-current.xsd
       http://www.mulesoft.org/schema/mule/core http://www.mulesoft.org/schema/mule/core/current/mule.xsd">

    <endpoint name="vmEndpoint" address="vm://test.queue" exchange-pattern="request-response"/>

    <model name="model">
        <service name="TestReceiverUMO">
            <inbound>
                <inbound-endpoint ref="vmEndpoint"/>
            </inbound>
            <test:component appendString=" Received"/>
            <outbound>
                <pass-through-router>
                    <outbound-endpoint address="stdio://System.out" exchange-pattern="one-way"/>
                </pass-through-router>
            </outbound>
        </service>
    </model>
</mule>
