<?xml version="1.0" encoding="UTF-8"?>
<mule xmlns="http://www.mulesoft.org/schema/mule/core"
       xmlns:xsi="http://www.w3.org/2001/XMLSchema-instance"
       xmlns:spring="http://www.springframework.org/schema/beans"
       xmlns:client="http://www.mulesoft.org/schema/mule/client"
       xmlns:vm="http://www.mulesoft.org/schema/mule/vm"
       xsi:schemaLocation="
       http://www.springframework.org/schema/beans http://www.springframework.org/schema/beans/spring-beans-current.xsd
       http://www.mulesoft.org/schema/mule/core http://www.mulesoft.org/schema/mule/core/current/mule.xsd
       http://www.mulesoft.org/schema/mule/client http://www.mulesoft.org/schema/mule/client/current/mule-client.xsd
       http://www.mulesoft.org/schema/mule/vm http://www.mulesoft.org/schema/mule/vm/current/mule-vm.xsd">

    <endpoint address="tcp://localhost:60504" name="remoteEndpoint" exchange-pattern="request-response"/>

</mule>
